\BOOKMARK [0][-]{chapter.1}{\376\377\000A\000b\000o\000u\000t\000\040\000t\000h\000i\000s\000\040\000c\000o\000u\000r\000s\000e}{}% 1
\BOOKMARK [1][-]{section.1.1}{\376\377\000C\000o\000u\000r\000s\000e\000\040\000d\000e\000s\000c\000r\000i\000p\000t\000i\000o\000n}{chapter.1}% 2
\BOOKMARK [1][-]{section.1.2}{\376\377\000G\000o\000a\000l\000s}{chapter.1}% 3
\BOOKMARK [1][-]{section.1.3}{\376\377\000S\000t\000u\000d\000y\000\040\000m\000a\000t\000e\000r\000i\000a\000l\000s}{chapter.1}% 4
\BOOKMARK [0][-]{chapter.2}{\376\377\000A\000s\000s\000i\000g\000n\000m\000e\000n\000t\000s\000,\000\040\000g\000r\000a\000d\000i\000n\000g\000,\000\040\000a\000n\000d\000\040\000r\000u\000l\000e\000s}{}% 5
\BOOKMARK [1][-]{section.2.1}{\376\377\000O\000v\000e\000r\000v\000i\000e\000w\000\040\000o\000f\000\040\000a\000s\000s\000e\000s\000s\000m\000e\000n\000t\000s}{chapter.2}% 6
\BOOKMARK [1][-]{section.2.2}{\376\377\000R\000e\000g\000u\000l\000a\000r\000\040\000m\000u\000l\000t\000i\000p\000l\000e\000-\000c\000h\000o\000i\000c\000e\000\040\000q\000u\000e\000s\000t\000i\000o\000n\000s\000\040\000\050\0002\0000\000\045\000\051}{chapter.2}% 7
\BOOKMARK [1][-]{section.2.3}{\376\377\000G\000r\000o\000u\000p\000\040\000a\000s\000s\000i\000g\000n\000m\000e\000n\000t\000:\000\040\000R\000e\000s\000e\000a\000r\000c\000h\000\040\000r\000e\000p\000o\000r\000t\000\040\000w\000i\000t\000h\000\040\000c\000o\000d\000e\000\040\000a\000s\000s\000i\000g\000n\000m\000e\000n\000t\000\040\000\050\0003\0000\000\045\000\051}{chapter.2}% 8
\BOOKMARK [1][-]{section.2.4}{\376\377\000T\000a\000k\000e\000-\000h\000o\000m\000e\000\040\000e\000x\000a\000m\000\040\000\050\0005\0000\000\045\000\051}{chapter.2}% 9
\BOOKMARK [1][-]{section.2.5}{\376\377\000G\000r\000a\000d\000i\000n\000g}{chapter.2}% 10
\BOOKMARK [1][-]{section.2.6}{\376\377\000D\000e\000a\000d\000l\000i\000n\000e\000s\000\040\000a\000n\000d\000\040\000s\000u\000b\000m\000i\000t\000t\000i\000n\000g\000\040\000a\000s\000s\000i\000g\000n\000m\000e\000n\000t\000s}{chapter.2}% 11
\BOOKMARK [1][-]{section.2.7}{\376\377\000P\000l\000a\000g\000i\000a\000r\000i\000s\000m\000\040\000\046\000\040\000f\000r\000a\000u\000d}{chapter.2}% 12
\BOOKMARK [2][-]{subsection.2.7.1}{\376\377\000A\000t\000t\000r\000i\000b\000u\000t\000i\000n\000g\000\040\000c\000o\000d\000e}{section.2.7}% 13
\BOOKMARK [2][-]{subsection.2.7.2}{\376\377\000U\000s\000e\000\040\000o\000f\000\040\000A\000I\000\040\000t\000o\000o\000l\000s}{section.2.7}% 14
\BOOKMARK [1][-]{section.2.8}{\376\377\000P\000r\000e\000s\000e\000n\000c\000e\000\040\000a\000n\000d\000\040\000p\000a\000r\000t\000i\000c\000i\000p\000a\000t\000i\000o\000n}{chapter.2}% 15
\BOOKMARK [2][-]{subsection.2.8.1}{\376\377\000C\000l\000a\000s\000s\000\040\000L\000a\000t\000e\000n\000e\000s\000s\000\040\000P\000o\000l\000i\000c\000y\000:}{section.2.8}% 16
\BOOKMARK [1][-]{section.2.9}{\376\377\000L\000a\000n\000g\000u\000a\000g\000e}{chapter.2}% 17
\BOOKMARK [1][-]{section.2.10}{\376\377\000S\000t\000u\000d\000y\000\040\000a\000d\000v\000i\000s\000o\000r\000s}{chapter.2}% 18
\BOOKMARK [1][-]{section.2.11}{\376\377\000S\000t\000a\000y\000i\000n\000g\000\040\000i\000n\000f\000o\000r\000m\000e\000d}{chapter.2}% 19
\BOOKMARK [1][-]{section.2.12}{\376\377\000T\000e\000a\000c\000h\000i\000n\000g\000\040\000t\000e\000a\000m\000\040\000a\000n\000d\000\040\000c\000o\000n\000t\000a\000c\000t\000i\000n\000g\000\040\000t\000h\000e\000\040\000l\000e\000c\000t\000u\000r\000e\000r\000s}{chapter.2}% 20
\BOOKMARK [0][-]{chapter.3}{\376\377\000G\000r\000o\000u\000p\000\040\000a\000s\000s\000i\000g\000n\000m\000e\000n\000t\000:\000\040\000R\000e\000s\000e\000a\000r\000c\000h\000\040\000r\000e\000p\000o\000r\000t\000\040\000w\000i\000t\000h\000\040\000c\000o\000d\000e\000\040\000a\000s\000s\000i\000g\000n\000m\000e\000n\000t}{}% 21
\BOOKMARK [1][-]{section.3.1}{\376\377\000W\000r\000i\000t\000e\000\040\000a\000\040\000r\000e\000s\000e\000a\000r\000c\000h\000\040\000r\000e\000p\000o\000r\000t\000\040\000\050\0005\0000\000\045\000\040\000o\000f\000\040\000f\000i\000n\000a\000l\000\040\000g\000r\000a\000d\000e\000\051}{chapter.3}% 22
\BOOKMARK [2][-]{subsection.3.1.1}{\376\377\000I\000n\000t\000r\000o\000d\000u\000c\000t\000i\000o\000n}{section.3.1}% 23
\BOOKMARK [2][-]{subsection.3.1.2}{\376\377\000M\000e\000t\000h\000o\000d\000\040\000S\000e\000c\000t\000i\000o\000n}{section.3.1}% 24
\BOOKMARK [2][-]{subsection.3.1.3}{\376\377\000R\000e\000s\000u\000l\000t\000\040\000s\000e\000c\000t\000i\000o\000n}{section.3.1}% 25
\BOOKMARK [2][-]{subsection.3.1.4}{\376\377\000S\000h\000o\000r\000t\000\040\000c\000o\000n\000c\000l\000u\000s\000i\000o\000n}{section.3.1}% 26
\BOOKMARK [2][-]{subsection.3.1.5}{\376\377\000Q\000u\000a\000l\000i\000t\000y\000\040\000o\000f\000\040\000t\000h\000e\000\040\000w\000r\000i\000t\000i\000n\000g\000,\000\040\000a\000d\000h\000e\000r\000e\000n\000c\000e\000\040\000t\000o\000\040\000A\000P\000A\000\040\000g\000u\000i\000d\000e\000l\000i\000n\000e\000s\000\040\000a\000n\000d\000\040\000r\000e\000f\000e\000r\000e\000n\000c\000e\000s}{section.3.1}% 27
\BOOKMARK [2][-]{subsection.3.1.6}{\376\377\000A\000p\000p\000e\000n\000d\000i\000x\000:\000\040\000D\000i\000v\000i\000s\000i\000o\000n\000\040\000o\000f\000\040\000l\000a\000b\000o\000r}{section.3.1}% 28
\BOOKMARK [1][-]{section.3.2}{\376\377\000A\000l\000l\000\040\000c\000o\000d\000e\000\040\000w\000r\000i\000t\000t\000e\000n\000\040\000i\000n\000\040\000t\000h\000e\000\040\000p\000r\000o\000j\000e\000c\000t\000\040\000\050\0003\0005\000\045\000\040\000o\000f\000\040\000f\000i\000n\000a\000l\000\040\000g\000r\000a\000d\000e\000\051}{chapter.3}% 29
\BOOKMARK [2][-]{subsection.3.2.1}{\376\377\000C\000o\000d\000e\000\040\000f\000o\000r\000\040\000d\000a\000t\000a\000\040\000p\000r\000e\000p\000r\000o\000c\000e\000s\000s\000i\000n\000g}{section.3.2}% 30
\BOOKMARK [2][-]{subsection.3.2.2}{\376\377\000C\000o\000d\000e\000\040\000f\000o\000r\000\040\000E\000x\000p\000l\000o\000r\000a\000t\000o\000r\000y\000\040\000D\000a\000t\000a\000\040\000A\000n\000a\000l\000y\000s\000i\000s\000\040\000\050\000E\000D\000A\000\051}{section.3.2}% 31
\BOOKMARK [2][-]{subsection.3.2.3}{\376\377\000C\000o\000d\000e\000\040\000t\000o\000\040\000c\000r\000e\000a\000t\000e\000\040\000a\000\040\000r\000e\000c\000o\000m\000m\000e\000n\000d\000e\000r\000\040\000s\000y\000s\000t\000e\000m}{section.3.2}% 32
\BOOKMARK [1][-]{section.3.3}{\376\377\000Q\000u\000a\000l\000i\000t\000y\000\040\000o\000f\000\040\000t\000h\000e\000\040\000c\000o\000d\000e\000,\000\040\000a\000n\000d\000\040\000d\000o\000c\000u\000m\000e\000n\000t\000a\000t\000i\000o\000n\000\040\000\050\0001\0005\000\045\000\040\000o\000f\000\040\000f\000i\000n\000a\000l\000\040\000g\000r\000a\000d\000e\000\051}{chapter.3}% 33
\BOOKMARK [1][-]{section.3.4}{\376\377\000H\000a\000n\000d\000i\000n\000g\000\040\000i\000n}{chapter.3}% 34
\BOOKMARK [0][-]{chapter.4}{\376\377\000C\000o\000u\000r\000s\000e\000\040\000S\000c\000h\000e\000d\000u\000l\000e}{}% 35
